Using pre-set license
Built from '2020.3/staging' branch; Version is '2020.3.0f1 (c7b5465681fb) revision 13088070'; Using compiler version '192528614'; Build Type 'Release'
OS: 'Windows 10 Pro; OS build 19042.906; Version 2009; 64bit' Language: 'ru' Physical Memory: 8042 MB
BatchMode: 1, IsHumanControllingUs: 0, StartBugReporterOnCrash: 0, Is64bit: 1, IsPro: 0

 COMMAND LINE ARGUMENTS:
C:\Program Files\Unity\Hub\Editor\2020.3.0f1\Editor\Unity.exe
-adb2
-batchMode
-noUpm
-name
AssetImportWorker0
-projectPath
D:/Work/RussianCheckers/RussianCheckers
-logFile
Logs/AssetImportWorker0.log
-srvPort
54765
Successfully changed project path to: D:/Work/RussianCheckers/RussianCheckers
D:/Work/RussianCheckers/RussianCheckers
Using Asset Import Pipeline V2.
Refreshing native plugins compatible for Editor in 24.36 ms, found 0 plugins.
Preloading 0 native plugins for Editor in 0.00 ms.
Initialize engine version: 2020.3.0f1 (c7b5465681fb)
[Subsystems] Discovering subsystems at path C:/Program Files/Unity/Hub/Editor/2020.3.0f1/Editor/Data/Resources/UnitySubsystems
[Subsystems] Discovering subsystems at path D:/Work/RussianCheckers/RussianCheckers/Assets
GfxDevice: creating device client; threaded=0
Direct3D:
    Version:  Direct3D 11.0 [level 11.1]
    Renderer: NVIDIA GeForce MX250 (ID=0x1d13)
    Vendor:   
    VRAM:     1983 MB
    Driver:   27.21.14.6140
Initialize mono
Mono path[0] = 'C:/Program Files/Unity/Hub/Editor/2020.3.0f1/Editor/Data/Managed'
Mono path[1] = 'C:/Program Files/Unity/Hub/Editor/2020.3.0f1/Editor/Data/MonoBleedingEdge/lib/mono/unityjit'
Mono config path = 'C:/Program Files/Unity/Hub/Editor/2020.3.0f1/Editor/Data/MonoBleedingEdge/etc'
Using monoOptions --debugger-agent=transport=dt_socket,embedding=1,server=y,suspend=n,address=127.0.0.1:56760
Begin MonoManager ReloadAssembly
Registering precompiled unity dll's ...
Register platform support module: C:/Program Files/Unity/Hub/Editor/2020.3.0f1/Editor/Data/PlaybackEngines/WindowsStandaloneSupport/UnityEditor.WindowsStandalone.Extensions.dll
Registered in 0.003610 seconds.
Native extension for WindowsStandalone target not found
Refreshing native plugins compatible for Editor in 25.29 ms, found 0 plugins.
Preloading 0 native plugins for Editor in 0.00 ms.
Invoked RoslynAnalysisRunner static constructor.
RoslynAnalysisRunner will not be running.
RoslynAnalysisRunner has terminated.
Mono: successfully reloaded assembly
- Completed reload, in  2.034 seconds
Platform modules already initialized, skipping
Registering precompiled user dll's ...
Registered in 0.000563 seconds.
Begin MonoManager ReloadAssembly
Native extension for WindowsStandalone target not found
Refreshing native plugins compatible for Editor in 0.37 ms, found 0 plugins.
Preloading 0 native plugins for Editor in 0.00 ms.
Invoked RoslynAnalysisRunner static constructor.
RoslynAnalysisRunner will not be running.
RoslynAnalysisRunner has terminated.
Mono: successfully reloaded assembly
- Completed reload, in  1.318 seconds
Platform modules already initialized, skipping
========================================================================
Worker process is ready to serve import requests
Launched and connected shader compiler UnityShaderCompiler.exe after 0.05 seconds
Refreshing native plugins compatible for Editor in 0.24 ms, found 0 plugins.
Preloading 0 native plugins for Editor in 0.00 ms.
Unloading 1116 Unused Serialized files (Serialized files now loaded: 0)
System memory in use before: 57.0 MB.
System memory in use after: 57.1 MB.

Unloading 10 unused Assets to reduce memory usage. Loaded Objects now: 1558.
Total: 3.607400 ms (FindLiveObjects: 0.318700 ms CreateObjectMapping: 0.166300 ms MarkObjects: 2.977700 ms  DeleteObjects: 0.142300 ms)

========================================================================
Received Import Request.
  path: Assets/Scripts/Board.cs
  artifactKey: Guid(ce207723eab0dea479e753837c6e9384) Importer(815301076,1909f56bfc062723c751e8b465ee728b)
Start importing Assets/Scripts/Board.cs using Guid(ce207723eab0dea479e753837c6e9384) Importer(815301076,1909f56bfc062723c751e8b465ee728b)  -> (artifact id: '60ef1e2f29d3fe6fa55f6a1a94367261') in 0.078672 seconds
  Import took 0.082413 seconds .

========================================================================
Received Import Request.
  Time since last request: 326.396313 seconds.
  path: Assets/Prefabs/BlackPiece.prefab
  artifactKey: Guid(8515bf218b9330c449e5986a78df09d9) Importer(815301076,1909f56bfc062723c751e8b465ee728b)
Start importing Assets/Prefabs/BlackPiece.prefab using Guid(8515bf218b9330c449e5986a78df09d9) Importer(815301076,1909f56bfc062723c751e8b465ee728b)  -> (artifact id: '0577ba83ef99b2f332ec47f80ba10ee8') in 0.124772 seconds
  Import took 0.153152 seconds .

========================================================================
Received Import Request.
  Time since last request: 0.000253 seconds.
  path: Assets/Prefabs/Board.prefab
  artifactKey: Guid(54ad4cdfc4f68a94281f92640b450e0f) Importer(815301076,1909f56bfc062723c751e8b465ee728b)
Start importing Assets/Prefabs/Board.prefab using Guid(54ad4cdfc4f68a94281f92640b450e0f) Importer(815301076,1909f56bfc062723c751e8b465ee728b)  -> (artifact id: 'f408578cb824f18b8a7171a0d7fee584') in 0.017044 seconds
  Import took 0.028880 seconds .

========================================================================
Received Import Request.
  Time since last request: 0.000270 seconds.
  path: Assets/Prefabs/BlackPiece.prefab
  artifactKey: Guid(8515bf218b9330c449e5986a78df09d9) Importer(815301076,1909f56bfc062723c751e8b465ee728b)
Start importing Assets/Prefabs/BlackPiece.prefab using Guid(8515bf218b9330c449e5986a78df09d9) Importer(815301076,1909f56bfc062723c751e8b465ee728b)  -> (artifact id: '0577ba83ef99b2f332ec47f80ba10ee8') in 0.012357 seconds
  Import took 0.014797 seconds .

========================================================================
Received Import Request.
  Time since last request: 0.004459 seconds.
  path: Assets/Prefabs/Board.prefab
  artifactKey: Guid(54ad4cdfc4f68a94281f92640b450e0f) Importer(815301076,1909f56bfc062723c751e8b465ee728b)
Start importing Assets/Prefabs/Board.prefab using Guid(54ad4cdfc4f68a94281f92640b450e0f) Importer(815301076,1909f56bfc062723c751e8b465ee728b)  -> (artifact id: 'f408578cb824f18b8a7171a0d7fee584') in 0.011809 seconds
  Import took 0.014380 seconds .

========================================================================
Received Import Request.
  Time since last request: 2.131958 seconds.
  path: Assets/Prefabs/Border.prefab
  artifactKey: Guid(a7406763b2b505b49927f3edefc926ab) Importer(815301076,1909f56bfc062723c751e8b465ee728b)
Start importing Assets/Prefabs/Border.prefab using Guid(a7406763b2b505b49927f3edefc926ab) Importer(815301076,1909f56bfc062723c751e8b465ee728b)  -> (artifact id: '05387a76bd71c4de4510228a14fd916e') in 0.019615 seconds
  Import took 0.022548 seconds .

========================================================================
Received Import Request.
  Time since last request: 0.001280 seconds.
  path: Assets/Prefabs/Border.prefab
  artifactKey: Guid(a7406763b2b505b49927f3edefc926ab) Importer(815301076,1909f56bfc062723c751e8b465ee728b)
Start importing Assets/Prefabs/Border.prefab using Guid(a7406763b2b505b49927f3edefc926ab) Importer(815301076,1909f56bfc062723c751e8b465ee728b)  -> (artifact id: '05387a76bd71c4de4510228a14fd916e') in 0.010395 seconds
  Import took 0.014158 seconds .

========================================================================
Received Import Request.
  Time since last request: 0.990910 seconds.
  path: Assets/TextMesh Pro/Resources/Style Sheets/Default Style Sheet.asset
  artifactKey: Guid(f952c082cb03451daed3ee968ac6c63e) Importer(815301076,1909f56bfc062723c751e8b465ee728b)
Start importing Assets/TextMesh Pro/Resources/Style Sheets/Default Style Sheet.asset using Guid(f952c082cb03451daed3ee968ac6c63e) Importer(815301076,1909f56bfc062723c751e8b465ee728b)  -> (artifact id: '364e1a425941ebb6851bd4dcbf6530e8') in 0.010991 seconds
  Import took 0.025104 seconds .

========================================================================
Received Import Request.
  Time since last request: 0.166070 seconds.
  path: Assets/TextMesh Pro/Resources/Sprite Assets/EmojiOne.asset
  artifactKey: Guid(c41005c129ba4d66911b75229fd70b45) Importer(815301076,1909f56bfc062723c751e8b465ee728b)
Start importing Assets/TextMesh Pro/Resources/Sprite Assets/EmojiOne.asset using Guid(c41005c129ba4d66911b75229fd70b45) Importer(815301076,1909f56bfc062723c751e8b465ee728b)  -> (artifact id: '08c86057e76dbab86fd5a5497b65f1ed') in 0.011405 seconds
  Import took 0.013526 seconds .

========================================================================
Received Import Request.
  Time since last request: 0.801762 seconds.
  path: Assets/TextMesh Pro/Sprites/EmojiOne.png
  artifactKey: Guid(dffef66376be4fa480fb02b19edbe903) Importer(815301076,1909f56bfc062723c751e8b465ee728b)
Start importing Assets/TextMesh Pro/Sprites/EmojiOne.png using Guid(dffef66376be4fa480fb02b19edbe903) Importer(815301076,1909f56bfc062723c751e8b465ee728b)  -> (artifact id: '020ef5bd05796b6f1b5d86d1905a212b') in 0.086017 seconds
  Import took 0.088333 seconds .

========================================================================
Received Import Request.
  Time since last request: 0.229675 seconds.
  path: Assets/TextMesh Pro/Fonts/LiberationSans.ttf
  artifactKey: Guid(e3265ab4bf004d28a9537516768c1c75) Importer(815301076,1909f56bfc062723c751e8b465ee728b)
Start importing Assets/TextMesh Pro/Fonts/LiberationSans.ttf using Guid(e3265ab4bf004d28a9537516768c1c75) Importer(815301076,1909f56bfc062723c751e8b465ee728b)  -> (artifact id: '9c7ec6a2a790a7598f2701074f94f584') in 0.072478 seconds
  Import took 0.085572 seconds .

========================================================================
Received Prepare
Registering precompiled user dll's ...
Registered in 0.000687 seconds.
Begin MonoManager ReloadAssembly
Native extension for WindowsStandalone target not found
Refreshing native plugins compatible for Editor in 0.22 ms, found 0 plugins.
Preloading 0 native plugins for Editor in 0.00 ms.
Invoked RoslynAnalysisRunner static constructor.
RoslynAnalysisRunner will not be running.
RoslynAnalysisRunner has terminated.
Mono: successfully reloaded assembly
- Completed reload, in  0.935 seconds
Platform modules already initialized, skipping
Refreshing native plugins compatible for Editor in 0.23 ms, found 0 plugins.
Preloading 0 native plugins for Editor in 0.00 ms.
Unloading 1124 Unused Serialized files (Serialized files now loaded: 0)
System memory in use before: 62.2 MB.
System memory in use after: 61.7 MB.

Unloading 18 unused Assets to reduce memory usage. Loaded Objects now: 1606.
Total: 2.672000 ms (FindLiveObjects: 0.289000 ms CreateObjectMapping: 0.078900 ms MarkObjects: 1.973600 ms  DeleteObjects: 0.327900 ms)

========================================================================
Received Prepare
Registering precompiled user dll's ...
Registered in 0.000523 seconds.
Begin MonoManager ReloadAssembly
Native extension for WindowsStandalone target not found
Refreshing native plugins compatible for Editor in 0.62 ms, found 0 plugins.
Preloading 0 native plugins for Editor in 0.00 ms.
Invoked RoslynAnalysisRunner static constructor.
RoslynAnalysisRunner will not be running.
RoslynAnalysisRunner has terminated.
Mono: successfully reloaded assembly
- Completed reload, in  1.139 seconds
Platform modules already initialized, skipping
Refreshing native plugins compatible for Editor in 0.28 ms, found 0 plugins.
Preloading 0 native plugins for Editor in 0.00 ms.
Unloading 1124 Unused Serialized files (Serialized files now loaded: 0)
System memory in use before: 62.2 MB.
System memory in use after: 61.7 MB.

Unloading 18 unused Assets to reduce memory usage. Loaded Objects now: 1609.
Total: 3.162200 ms (FindLiveObjects: 0.357500 ms CreateObjectMapping: 0.199800 ms MarkObjects: 2.202300 ms  DeleteObjects: 0.400400 ms)

========================================================================
Received Prepare
Registering precompiled user dll's ...
Registered in 0.000564 seconds.
Begin MonoManager ReloadAssembly
Native extension for WindowsStandalone target not found
Refreshing native plugins compatible for Editor in 0.28 ms, found 0 plugins.
Preloading 0 native plugins for Editor in 0.00 ms.
Invoked RoslynAnalysisRunner static constructor.
RoslynAnalysisRunner will not be running.
RoslynAnalysisRunner has terminated.
Mono: successfully reloaded assembly
- Completed reload, in  0.815 seconds
Platform modules already initialized, skipping
Refreshing native plugins compatible for Editor in 0.28 ms, found 0 plugins.
Preloading 0 native plugins for Editor in 0.00 ms.
Unloading 1124 Unused Serialized files (Serialized files now loaded: 0)
System memory in use before: 62.3 MB.
System memory in use after: 61.7 MB.

Unloading 18 unused Assets to reduce memory usage. Loaded Objects now: 1612.
Total: 3.001600 ms (FindLiveObjects: 0.378700 ms CreateObjectMapping: 0.083300 ms MarkObjects: 2.176500 ms  DeleteObjects: 0.360600 ms)

========================================================================
Received Prepare
Registering precompiled user dll's ...
Registered in 0.000538 seconds.
Begin MonoManager ReloadAssembly
Native extension for WindowsStandalone target not found
Refreshing native plugins compatible for Editor in 0.21 ms, found 0 plugins.
Preloading 0 native plugins for Editor in 0.00 ms.
Invoked RoslynAnalysisRunner static constructor.
RoslynAnalysisRunner will not be running.
RoslynAnalysisRunner has terminated.
Mono: successfully reloaded assembly
- Completed reload, in  0.887 seconds
Platform modules already initialized, skipping
Refreshing native plugins compatible for Editor in 0.27 ms, found 0 plugins.
Preloading 0 native plugins for Editor in 0.00 ms.
Unloading 1124 Unused Serialized files (Serialized files now loaded: 0)
System memory in use before: 62.3 MB.
System memory in use after: 61.7 MB.

Unloading 18 unused Assets to reduce memory usage. Loaded Objects now: 1615.
Total: 2.016200 ms (FindLiveObjects: 0.170400 ms CreateObjectMapping: 0.037900 ms MarkObjects: 1.428500 ms  DeleteObjects: 0.378600 ms)

========================================================================
Received Prepare
Registering precompiled user dll's ...
Registered in 0.000816 seconds.
Begin MonoManager ReloadAssembly
Native extension for WindowsStandalone target not found
Refreshing native plugins compatible for Editor in 0.25 ms, found 0 plugins.
Preloading 0 native plugins for Editor in 0.00 ms.
Invoked RoslynAnalysisRunner static constructor.
RoslynAnalysisRunner will not be running.
RoslynAnalysisRunner has terminated.
Mono: successfully reloaded assembly
- Completed reload, in  1.140 seconds
Platform modules already initialized, skipping
Refreshing native plugins compatible for Editor in 0.22 ms, found 0 plugins.
Preloading 0 native plugins for Editor in 0.00 ms.
Unloading 1124 Unused Serialized files (Serialized files now loaded: 0)
System memory in use before: 62.3 MB.
System memory in use after: 61.7 MB.

Unloading 18 unused Assets to reduce memory usage. Loaded Objects now: 1618.
Total: 2.346800 ms (FindLiveObjects: 0.313200 ms CreateObjectMapping: 0.079500 ms MarkObjects: 1.546700 ms  DeleteObjects: 0.405800 ms)

========================================================================
Received Prepare
Registering precompiled user dll's ...
Registered in 0.000782 seconds.
Begin MonoManager ReloadAssembly
Native extension for WindowsStandalone target not found
Refreshing native plugins compatible for Editor in 0.24 ms, found 0 plugins.
Preloading 0 native plugins for Editor in 0.00 ms.
Invoked RoslynAnalysisRunner static constructor.
RoslynAnalysisRunner will not be running.
RoslynAnalysisRunner has terminated.
Mono: successfully reloaded assembly
- Completed reload, in  1.048 seconds
Platform modules already initialized, skipping
Refreshing native plugins compatible for Editor in 0.28 ms, found 0 plugins.
Preloading 0 native plugins for Editor in 0.00 ms.
Unloading 1124 Unused Serialized files (Serialized files now loaded: 0)
System memory in use before: 62.3 MB.
System memory in use after: 61.7 MB.

Unloading 18 unused Assets to reduce memory usage. Loaded Objects now: 1621.
Total: 4.742300 ms (FindLiveObjects: 0.340500 ms CreateObjectMapping: 0.075900 ms MarkObjects: 3.593500 ms  DeleteObjects: 0.730300 ms)

========================================================================
Received Prepare
Registering precompiled user dll's ...
Registered in 0.000528 seconds.
Begin MonoManager ReloadAssembly
Native extension for WindowsStandalone target not found
Refreshing native plugins compatible for Editor in 0.24 ms, found 0 plugins.
Preloading 0 native plugins for Editor in 0.00 ms.
Invoked RoslynAnalysisRunner static constructor.
RoslynAnalysisRunner will not be running.
RoslynAnalysisRunner has terminated.
Mono: successfully reloaded assembly
- Completed reload, in  0.840 seconds
Platform modules already initialized, skipping
Refreshing native plugins compatible for Editor in 0.19 ms, found 0 plugins.
Preloading 0 native plugins for Editor in 0.00 ms.
Unloading 1124 Unused Serialized files (Serialized files now loaded: 0)
System memory in use before: 62.3 MB.
System memory in use after: 61.7 MB.

Unloading 18 unused Assets to reduce memory usage. Loaded Objects now: 1624.
Total: 2.502900 ms (FindLiveObjects: 0.163800 ms CreateObjectMapping: 0.039500 ms MarkObjects: 1.879500 ms  DeleteObjects: 0.419400 ms)

========================================================================
Received Prepare
Registering precompiled user dll's ...
Registered in 0.000577 seconds.
Begin MonoManager ReloadAssembly
Native extension for WindowsStandalone target not found
Refreshing native plugins compatible for Editor in 0.21 ms, found 0 plugins.
Preloading 0 native plugins for Editor in 0.00 ms.
Invoked RoslynAnalysisRunner static constructor.
RoslynAnalysisRunner will not be running.
RoslynAnalysisRunner has terminated.
Mono: successfully reloaded assembly
- Completed reload, in  0.825 seconds
Platform modules already initialized, skipping
Refreshing native plugins compatible for Editor in 0.28 ms, found 0 plugins.
Preloading 0 native plugins for Editor in 0.00 ms.
Unloading 1124 Unused Serialized files (Serialized files now loaded: 0)
System memory in use before: 62.3 MB.
System memory in use after: 61.8 MB.

Unloading 18 unused Assets to reduce memory usage. Loaded Objects now: 1627.
Total: 2.147600 ms (FindLiveObjects: 0.181800 ms CreateObjectMapping: 0.051500 ms MarkObjects: 1.558100 ms  DeleteObjects: 0.354100 ms)

========================================================================
Received Prepare
Registering precompiled user dll's ...
Registered in 0.000529 seconds.
Begin MonoManager ReloadAssembly
Native extension for WindowsStandalone target not found
Refreshing native plugins compatible for Editor in 0.20 ms, found 0 plugins.
Preloading 0 native plugins for Editor in 0.00 ms.
Invoked RoslynAnalysisRunner static constructor.
RoslynAnalysisRunner will not be running.
RoslynAnalysisRunner has terminated.
Mono: successfully reloaded assembly
- Completed reload, in  0.837 seconds
Platform modules already initialized, skipping
Refreshing native plugins compatible for Editor in 0.22 ms, found 0 plugins.
Preloading 0 native plugins for Editor in 0.00 ms.
Unloading 1124 Unused Serialized files (Serialized files now loaded: 0)
System memory in use before: 62.3 MB.
System memory in use after: 61.8 MB.

Unloading 18 unused Assets to reduce memory usage. Loaded Objects now: 1630.
Total: 2.436200 ms (FindLiveObjects: 0.223600 ms CreateObjectMapping: 0.039000 ms MarkObjects: 1.731600 ms  DeleteObjects: 0.440900 ms)

========================================================================
Received Prepare
Registering precompiled user dll's ...
Registered in 0.000622 seconds.
Begin MonoManager ReloadAssembly
Native extension for WindowsStandalone target not found
Refreshing native plugins compatible for Editor in 0.21 ms, found 0 plugins.
Preloading 0 native plugins for Editor in 0.00 ms.
Invoked RoslynAnalysisRunner static constructor.
RoslynAnalysisRunner will not be running.
RoslynAnalysisRunner has terminated.
Mono: successfully reloaded assembly
- Completed reload, in  0.860 seconds
Platform modules already initialized, skipping
Refreshing native plugins compatible for Editor in 0.21 ms, found 0 plugins.
Preloading 0 native plugins for Editor in 0.00 ms.
Unloading 1124 Unused Serialized files (Serialized files now loaded: 0)
System memory in use before: 62.3 MB.
System memory in use after: 61.8 MB.

Unloading 18 unused Assets to reduce memory usage. Loaded Objects now: 1633.
Total: 2.621200 ms (FindLiveObjects: 0.410300 ms CreateObjectMapping: 0.129000 ms MarkObjects: 1.689400 ms  DeleteObjects: 0.390300 ms)

========================================================================
Received Prepare
Registering precompiled user dll's ...
Registered in 0.000570 seconds.
Begin MonoManager ReloadAssembly
Native extension for WindowsStandalone target not found
Refreshing native plugins compatible for Editor in 0.23 ms, found 0 plugins.
Preloading 0 native plugins for Editor in 0.00 ms.
Invoked RoslynAnalysisRunner static constructor.
RoslynAnalysisRunner will not be running.
RoslynAnalysisRunner has terminated.
Mono: successfully reloaded assembly
- Completed reload, in  0.826 seconds
Platform modules already initialized, skipping
Refreshing native plugins compatible for Editor in 0.24 ms, found 0 plugins.
Preloading 0 native plugins for Editor in 0.00 ms.
Unloading 1124 Unused Serialized files (Serialized files now loaded: 0)
System memory in use before: 62.3 MB.
System memory in use after: 61.8 MB.

Unloading 18 unused Assets to reduce memory usage. Loaded Objects now: 1636.
Total: 2.542600 ms (FindLiveObjects: 0.233400 ms CreateObjectMapping: 0.091300 ms MarkObjects: 1.808000 ms  DeleteObjects: 0.408700 ms)

========================================================================
Received Prepare
Registering precompiled user dll's ...
Registered in 0.000722 seconds.
Begin MonoManager ReloadAssembly
Native extension for WindowsStandalone target not found
Refreshing native plugins compatible for Editor in 0.22 ms, found 0 plugins.
Preloading 0 native plugins for Editor in 0.00 ms.
Invoked RoslynAnalysisRunner static constructor.
RoslynAnalysisRunner will not be running.
RoslynAnalysisRunner has terminated.
Mono: successfully reloaded assembly
- Completed reload, in  0.835 seconds
Platform modules already initialized, skipping
Refreshing native plugins compatible for Editor in 0.21 ms, found 0 plugins.
Preloading 0 native plugins for Editor in 0.00 ms.
Unloading 1124 Unused Serialized files (Serialized files now loaded: 0)
System memory in use before: 62.3 MB.
System memory in use after: 61.8 MB.

Unloading 18 unused Assets to reduce memory usage. Loaded Objects now: 1639.
Total: 2.471200 ms (FindLiveObjects: 0.345800 ms CreateObjectMapping: 0.114200 ms MarkObjects: 1.637500 ms  DeleteObjects: 0.368900 ms)

========================================================================
Received Prepare
Registering precompiled user dll's ...
Registered in 0.000584 seconds.
Begin MonoManager ReloadAssembly
Native extension for WindowsStandalone target not found
Refreshing native plugins compatible for Editor in 0.46 ms, found 0 plugins.
Preloading 0 native plugins for Editor in 0.00 ms.
Invoked RoslynAnalysisRunner static constructor.
RoslynAnalysisRunner will not be running.
RoslynAnalysisRunner has terminated.
Mono: successfully reloaded assembly
- Completed reload, in  0.820 seconds
Platform modules already initialized, skipping
Refreshing native plugins compatible for Editor in 0.23 ms, found 0 plugins.
Preloading 0 native plugins for Editor in 0.00 ms.
Unloading 1124 Unused Serialized files (Serialized files now loaded: 0)
System memory in use before: 62.3 MB.
System memory in use after: 61.8 MB.

Unloading 18 unused Assets to reduce memory usage. Loaded Objects now: 1642.
Total: 2.827300 ms (FindLiveObjects: 0.441100 ms CreateObjectMapping: 0.087700 ms MarkObjects: 1.954700 ms  DeleteObjects: 0.342600 ms)

========================================================================
Received Prepare
Registering precompiled user dll's ...
Registered in 0.000551 seconds.
Begin MonoManager ReloadAssembly
Native extension for WindowsStandalone target not found
Refreshing native plugins compatible for Editor in 0.21 ms, found 0 plugins.
Preloading 0 native plugins for Editor in 0.00 ms.
Invoked RoslynAnalysisRunner static constructor.
RoslynAnalysisRunner will not be running.
RoslynAnalysisRunner has terminated.
Mono: successfully reloaded assembly
- Completed reload, in  0.848 seconds
Platform modules already initialized, skipping
Refreshing native plugins compatible for Editor in 0.20 ms, found 0 plugins.
Preloading 0 native plugins for Editor in 0.00 ms.
Unloading 1124 Unused Serialized files (Serialized files now loaded: 0)
System memory in use before: 62.3 MB.
System memory in use after: 61.8 MB.

Unloading 18 unused Assets to reduce memory usage. Loaded Objects now: 1645.
Total: 2.650300 ms (FindLiveObjects: 0.263700 ms CreateObjectMapping: 0.059000 ms MarkObjects: 1.929000 ms  DeleteObjects: 0.396400 ms)

========================================================================
Received Prepare
Registering precompiled user dll's ...
Registered in 0.000526 seconds.
Begin MonoManager ReloadAssembly
Native extension for WindowsStandalone target not found
Refreshing native plugins compatible for Editor in 0.23 ms, found 0 plugins.
Preloading 0 native plugins for Editor in 0.00 ms.
Invoked RoslynAnalysisRunner static constructor.
RoslynAnalysisRunner will not be running.
RoslynAnalysisRunner has terminated.
Mono: successfully reloaded assembly
- Completed reload, in  0.825 seconds
Platform modules already initialized, skipping
Refreshing native plugins compatible for Editor in 0.20 ms, found 0 plugins.
Preloading 0 native plugins for Editor in 0.00 ms.
Unloading 1124 Unused Serialized files (Serialized files now loaded: 0)
System memory in use before: 62.3 MB.
System memory in use after: 61.8 MB.

Unloading 18 unused Assets to reduce memory usage. Loaded Objects now: 1648.
Total: 2.635900 ms (FindLiveObjects: 0.393800 ms CreateObjectMapping: 0.072300 ms MarkObjects: 1.747500 ms  DeleteObjects: 0.420800 ms)

========================================================================
Received Prepare
Registering precompiled user dll's ...
Registered in 0.000539 seconds.
Begin MonoManager ReloadAssembly
Native extension for WindowsStandalone target not found
Refreshing native plugins compatible for Editor in 0.26 ms, found 0 plugins.
Preloading 0 native plugins for Editor in 0.00 ms.
Invoked RoslynAnalysisRunner static constructor.
RoslynAnalysisRunner will not be running.
RoslynAnalysisRunner has terminated.
Mono: successfully reloaded assembly
- Completed reload, in  0.765 seconds
Platform modules already initialized, skipping
Refreshing native plugins compatible for Editor in 0.37 ms, found 0 plugins.
Preloading 0 native plugins for Editor in 0.00 ms.
Unloading 1124 Unused Serialized files (Serialized files now loaded: 0)
System memory in use before: 62.3 MB.
System memory in use after: 61.8 MB.

Unloading 18 unused Assets to reduce memory usage. Loaded Objects now: 1651.
Total: 7.115300 ms (FindLiveObjects: 1.409400 ms CreateObjectMapping: 0.340500 ms MarkObjects: 4.549400 ms  DeleteObjects: 0.811200 ms)

